<?xml version="1.0" encoding="UTF-8"?>
<!-- Generated by org.testng.reporters.JUnitReportReporter -->
<testsuite hostname="Prafulla-PC" name="com.Test.basicsTest" tests="8" failures="0" timestamp="6 Aug 2019 16:56:55 GMT" time="0.057" errors="0">
  <testcase name="testMethodThree" time="0.001" classname="com.Test.basicsTest"/>
  <testcase name="testMethodThree" time="0.001" classname="com.Test.basicsTest"/>
  <testcase name="testMethodThree" time="0.001" classname="com.Test.basicsTest"/>
  <testcase name="testMethodThree" time="0.001" classname="com.Test.basicsTest"/>
  <testcase name="testMethodTwo" time="0.004" classname="com.Test.basicsTest"/>
  <testcase name="testMethod" time="0.001" classname="com.Test.basicsTest"/>
  <testcase name="infiniteLoop" time="0.048" classname="com.Test.basicsTest"/>
  <testcase name="testMethodThree" time="0.000" classname="com.Test.basicsTest"/>
</testsuite> <!-- com.Test.basicsTest -->
