<?xml version="1.0" encoding="UTF-8"?>
<!-- Generated by org.testng.reporters.JUnitReportReporter -->
<testsuite hostname="Prafulla-PC" name="com.railway.testCases.Captcha" tests="1" failures="0" timestamp="8 Oct 2019 16:13:39 GMT" time="0.685" errors="0">
  <testcase name="Captcha" time="0.685" classname="com.railway.testCases.Captcha"/>
</testsuite> <!-- com.railway.testCases.Captcha -->
