<?xml version="1.0" encoding="UTF-8"?>
<!-- Generated by org.testng.reporters.JUnitReportReporter -->
<testsuite hostname="Prafulla-PC" name="com.freeCrm.testMethods.LoginPage" tests="1" failures="0" timestamp="19 Oct 2019 04:03:21 GMT" time="18.481" errors="0">
  <testcase name="linkTest" time="18.481" classname="com.freeCrm.testMethods.LoginPage"/>
</testsuite> <!-- com.freeCrm.testMethods.LoginPage -->
