<?xml version="1.0" encoding="UTF-8"?>
<!-- Generated by org.testng.reporters.JUnitReportReporter -->
<testsuite skipped="0" hostname="Prafulla-PC" name="tESTNGExample.TestNGExmpOne" tests="1" failures="0" timestamp="18 Jun 2019 15:43:13 GMT" time="0.010" errors="0">
  <testcase name="testA" time="0.010" classname="tESTNGExample.TestNGExmpOne"/>
</testsuite> <!-- tESTNGExample.TestNGExmpOne -->
