<?xml version="1.0" encoding="UTF-8"?>
<!-- Generated by org.testng.reporters.JUnitReportReporter -->
<testsuite hostname="Prafulla-PC" name="com.testData.ApiAllTest" tests="1" failures="0" timestamp="4 Oct 2019 02:36:44 GMT" time="3.800" errors="0">
  <testcase name="jsonBody" time="3.800" classname="com.testData.ApiAllTest"/>
</testsuite> <!-- com.testData.ApiAllTest -->
