<?xml version="1.0" encoding="UTF-8"?>
<!-- Generated by org.testng.reporters.JUnitReportReporter -->
<testsuite hostname="Prafulla-PC" name="com.testData.GoogleMapTest" tests="2" failures="0" timestamp="22 Sep 2019 13:53:44 GMT" time="2.528" errors="0">
  <testcase name="responseBody" time="2.103" classname="com.testData.GoogleMapTest"/>
  <testcase name="heardersTest" time="0.425" classname="com.testData.GoogleMapTest"/>
</testsuite> <!-- com.testData.GoogleMapTest -->
