<?xml version="1.0" encoding="UTF-8"?>
<!-- Generated by org.testng.reporters.JUnitReportReporter -->
<testsuite hostname="Prafulla-PC" name="com.testData.TestPostAPI" tests="1" failures="0" timestamp="22 Sep 2019 07:53:51 GMT" time="2.483" errors="0">
  <testcase name="setUp" time="2.483" classname="com.testData.TestPostAPI"/>
</testsuite> <!-- com.testData.TestPostAPI -->
