<?xml version="1.0" encoding="UTF-8"?>
<!-- Generated by org.testng.reporters.JUnitReportReporter -->
<testsuite hostname="Prafulla-PC" name="com.DataDrivern.DataDrivenProgram" tests="2" failures="0" timestamp="25 Sep 2019 13:12:51 GMT" time="3.894" errors="0">
  <testcase name="setUp" time="0.717" classname="com.DataDrivern.DataDrivenProgram"/>
  <testcase name="checkTheData" time="3.177" classname="com.DataDrivern.DataDrivenProgram"/>
</testsuite> <!-- com.DataDrivern.DataDrivenProgram -->
