<?xml version="1.0" encoding="UTF-8"?>
<!-- Generated by org.testng.reporters.JUnitReportReporter -->
<testsuite hostname="Prafulla-PC" name="com.employee.utilities.randDataGenRestUtils" tests="1" failures="0" timestamp="26 Sep 2019 08:22:17 GMT" time="0.011" errors="0">
  <testcase name="randEmpNameGen" time="0.011" classname="com.employee.utilities.randDataGenRestUtils"/>
</testsuite> <!-- com.employee.utilities.randDataGenRestUtils -->
