<?xml version="1.0" encoding="UTF-8"?>
<!-- Generated by org.testng.reporters.JUnitReportReporter -->
<testsuite hostname="Prafulla-PC" name="com.actitime.test.VerifyVersionTest" tests="1" failures="0" timestamp="15 Aug 2019 13:12:25 GMT" time="67.887" errors="0">
  <testcase name="testVerifyVersion" time="67.887" classname="com.actitime.test.VerifyVersionTest"/>
</testsuite> <!-- com.actitime.test.VerifyVersionTest -->
